{"error":{"code":"ER_BAD_DB_ERROR","errno":1049,"message":"Unknown database 'erp_aero'","sqlMessage":"Unknown database 'erp_aero'","sqlState":"42000"},"level":"error","message":"Error creating database tables!","service":"user-service","timestamp":"2025-01-11 21:36:39"}
{"error":{"code":"ER_DUP_ENTRY","errno":1062,"message":"Duplicate entry 'user1@mail.ru' for key 'users.PRIMARY'","sql":"INSERT INTO users(id, password) VALUES (?, ?)","sqlMessage":"Duplicate entry 'user1@mail.ru' for key 'users.PRIMARY'","sqlState":"23000"},"level":"error","message":"User registration failed!","service":"user-service","timestamp":"2025-01-11 22:39:51"}
{"error":{},"level":"error","message":"Signin failed!","service":"user-service","timestamp":"2025-01-11 22:44:32"}
{"error":{},"level":"error","message":"Signin failed!","service":"user-service","timestamp":"2025-01-11 22:50:20"}
{"error":{},"level":"error","message":"Signin failed!","service":"user-service","timestamp":"2025-01-11 22:52:18"}
{"error":{},"level":"error","message":"Signin failed!","service":"user-service","timestamp":"2025-01-11 22:53:01"}
{"error":{},"level":"error","message":"Signin failed!","service":"user-service","timestamp":"2025-01-11 22:53:57"}
{"error":{},"level":"error","message":"Signin failed!","service":"user-service","timestamp":"2025-01-11 22:55:02"}
{"error":{},"level":"error","message":"Signin failed!","service":"user-service","timestamp":"2025-01-11 22:55:44"}
{"error":{},"level":"error","message":"Signin failed!","service":"user-service","timestamp":"2025-01-11 22:56:49"}
{"error":{},"level":"error","message":"Signin failed!","service":"user-service","timestamp":"2025-01-11 22:57:20"}
{"error":{},"level":"error","message":"Signin failed!","service":"user-service","timestamp":"2025-01-11 23:08:54"}
{"error":{"message":"Bind parameters must not contain undefined. To pass SQL NULL specify JS null"},"level":"error","message":"Signin failed!","service":"user-service","timestamp":"2025-01-11 23:13:15"}
{"error":{},"level":"error","message":"Signin failed!","service":"user-service","timestamp":"2025-01-11 23:14:27"}
{"error":{},"level":"error","message":"Signin failed!","service":"user-service","timestamp":"2025-01-11 23:15:24"}
{"error":{},"level":"error","message":"Signin failed!","service":"user-service","timestamp":"2025-01-11 23:16:00"}
{"error":{},"level":"error","message":"Signin failed!","service":"user-service","timestamp":"2025-01-11 23:16:31"}
{"error":{},"level":"error","message":"Signin failed!","service":"user-service","timestamp":"2025-01-11 23:18:25"}
{"error":{"code":"ER_DATA_TOO_LONG","errno":1406,"message":"Data too long for column 'refresh_token' at row 1","sql":"INSERT INTO sessions (\n    user_id, refresh_token, expires_in, device_info\n    ) VALUES (?, ?, ?, ?)","sqlMessage":"Data too long for column 'refresh_token' at row 1","sqlState":"22001"},"level":"error","message":"Signin failed!","service":"user-service","timestamp":"2025-01-11 23:19:09"}
{"error":{"code":"ER_WARN_DATA_OUT_OF_RANGE","errno":1264,"message":"Out of range value for column 'expires_in' at row 1","sql":"INSERT INTO sessions (\n    user_id, refresh_token, expires_in, device_info\n    ) VALUES (?, ?, ?, ?)","sqlMessage":"Out of range value for column 'expires_in' at row 1","sqlState":"22003"},"level":"error","message":"Signin failed!","service":"user-service","timestamp":"2025-01-11 23:22:22"}
{"error":{},"level":"error","message":"Signin failed!","service":"user-service","timestamp":"2025-01-11 23:37:09"}
{"error":{},"level":"error","message":"Signin failed!","service":"user-service","timestamp":"2025-01-12 02:27:36"}
{"error":{},"level":"error","message":"Signin failed!","service":"user-service","timestamp":"2025-01-12 02:28:13"}
{"error":{},"level":"error","message":"Signin failed!","service":"user-service","timestamp":"2025-01-12 02:28:27"}
{"error":{},"level":"error","message":"Signin failed!","service":"user-service","timestamp":"2025-01-12 02:29:04"}
{"error":{"code":"WARN_DATA_TRUNCATED","errno":1265,"message":"Data truncated for column 'expires_in' at row 1","sql":"INSERT INTO sessions (\n    user_id, refresh_token, expires_in, device_info\n    ) VALUES (?, ?, ?, ?)","sqlMessage":"Data truncated for column 'expires_in' at row 1","sqlState":"01000"},"level":"error","message":"Signin failed!","service":"user-service","timestamp":"2025-01-12 02:30:14"}
{"error":{"code":"WARN_DATA_TRUNCATED","errno":1265,"message":"Data truncated for column 'expires_in' at row 1","sql":"INSERT INTO sessions (\n    user_id, refresh_token, expires_in, device_info\n    ) VALUES (?, ?, ?, ?)","sqlMessage":"Data truncated for column 'expires_in' at row 1","sqlState":"01000"},"level":"error","message":"Signin failed!","service":"user-service","timestamp":"2025-01-12 02:32:14"}
{"error":{"code":"WARN_DATA_TRUNCATED","errno":1265,"message":"Data truncated for column 'expires_in' at row 1","sql":"INSERT INTO sessions (\n    user_id, refresh_token, expires_in, device_info\n    ) VALUES (?, ?, ?, ?)","sqlMessage":"Data truncated for column 'expires_in' at row 1","sqlState":"01000"},"level":"error","message":"Signin failed!","service":"user-service","timestamp":"2025-01-12 03:48:53"}
{"error":{"code":"WARN_DATA_TRUNCATED","errno":1265,"message":"Data truncated for column 'expires_in' at row 1","sql":"INSERT INTO sessions (\n    user_id, refresh_token, expires_in, device_info\n    ) VALUES (?, ?, ?, ?)","sqlMessage":"Data truncated for column 'expires_in' at row 1","sqlState":"01000"},"level":"error","message":"Signin failed!","service":"user-service","timestamp":"2025-01-12 03:51:33"}
{"error":{"message":"Bind parameters must not contain undefined. To pass SQL NULL specify JS null"},"level":"error","message":"Logout failed!","service":"user-service","timestamp":"2025-01-12 04:04:21"}
{"error":{"code":"ER_WARN_DATA_OUT_OF_RANGE","errno":1264,"message":"Out of range value for column 'expires_in' at row 1","sql":"INSERT INTO sessions (\n    user_id, refresh_token, expires_in, device_info\n    ) VALUES (?, ?, ?, ?)","sqlMessage":"Out of range value for column 'expires_in' at row 1","sqlState":"22003"},"level":"error","message":"Signin failed!","service":"user-service","timestamp":"2025-01-12 04:06:53"}
{"error":{},"level":"error","message":"Signin failed!","service":"user-service","timestamp":"2025-01-12 04:08:21"}
{"error":{"status":401},"level":"error","message":"Signin failed!","service":"user-service","timestamp":"2025-01-12 16:05:39"}
{"error":{"status":401},"level":"error","message":"Signin failed!","service":"user-service","timestamp":"2025-01-12 23:03:15"}
{"error":{"message":"Bind parameters must not contain undefined. To pass SQL NULL specify JS null"},"level":"error","message":"Logout failed!","service":"user-service","timestamp":"2025-01-12 23:05:35"}
{"error":{"message":"Bind parameters must not contain undefined. To pass SQL NULL specify JS null"},"level":"error","message":"Logout failed!","service":"user-service","timestamp":"2025-01-12 23:05:47"}
{"error":{},"level":"error","message":"Signin failed!","service":"user-service","timestamp":"2025-01-12 23:37:10"}
{"error":{},"level":"error","message":"Signin failed!","service":"user-service","timestamp":"2025-01-13 00:09:01"}
{"error":{},"level":"error","message":"Signin failed!","service":"user-service","timestamp":"2025-01-13 00:17:14"}
{"error":{},"level":"error","message":"Signin failed!","service":"user-service","timestamp":"2025-01-13 00:19:12"}
{"error":{},"level":"error","message":"Signin failed!","service":"user-service","timestamp":"2025-01-13 00:19:24"}
{"error":{},"level":"error","message":"Signin failed!","service":"user-service","timestamp":"2025-01-13 00:22:51"}
{"error":{},"level":"error","message":"Signin failed!","service":"user-service","timestamp":"2025-01-13 00:22:59"}
{"error":{},"level":"error","message":"Signin failed!","service":"user-service","timestamp":"2025-01-13 02:05:25"}
{"error":{},"level":"error","message":"Signin failed!","service":"user-service","timestamp":"2025-01-13 21:54:49"}
{"error":{},"level":"error","message":"Signin failed!","service":"user-service","timestamp":"2025-01-13 21:56:32"}
{"error":{"message":"Bind parameters must not contain undefined. To pass SQL NULL specify JS null"},"level":"error","message":"Logout failed!","service":"user-service","timestamp":"2025-01-13 21:59:45"}
{"error":{},"level":"error","message":"Signin failed!","service":"user-service","timestamp":"2025-01-13 22:00:12"}
{"error":{},"level":"error","message":"Signin failed!","service":"user-service","timestamp":"2025-01-13 22:01:44"}
{"error":{},"level":"error","message":"Signin failed!","service":"user-service","timestamp":"2025-01-13 22:02:38"}
{"error":{},"level":"error","message":"Signin failed!","service":"user-service","timestamp":"2025-01-13 22:07:42"}
{"error":{"code":"ERR_HTTP_HEADERS_SENT"},"level":"error","message":"Signin failed!","service":"user-service","timestamp":"2025-01-13 22:10:30"}
{"error":{"code":"ERR_HTTP_HEADERS_SENT"},"level":"error","message":"Signin failed!","service":"user-service","timestamp":"2025-01-14 01:17:13"}
{"error":{},"level":"error","message":"Signin failed!","service":"user-service","timestamp":"2025-01-14 01:17:31"}
{"error":{},"level":"error","message":"Signin failed!","service":"user-service","timestamp":"2025-01-14 01:18:07"}
{"error":{"code":"ERR_HTTP_HEADERS_SENT"},"level":"error","message":"Signin failed!","service":"user-service","timestamp":"2025-01-14 01:24:05"}
{"error":{"message":"Bind parameters must not contain undefined. To pass SQL NULL specify JS null"},"level":"error","message":"Logout failed!","service":"user-service","timestamp":"2025-01-14 01:25:56"}
{"error":{"code":"ERR_HTTP_HEADERS_SENT"},"level":"error","message":"Signin failed!","service":"user-service","timestamp":"2025-01-14 01:26:43"}
{"error":{"code":"ERR_HTTP_HEADERS_SENT"},"level":"error","message":"Signin failed!","service":"user-service","timestamp":"2025-01-14 01:27:38"}
{"error":{},"level":"error","message":"Signin failed!","service":"user-service","timestamp":"2025-01-14 01:27:59"}
{"error":{"code":"ERR_HTTP_HEADERS_SENT"},"level":"error","message":"Signin failed!","service":"user-service","timestamp":"2025-01-14 19:28:44"}
{"error":{"code":"ERR_HTTP_HEADERS_SENT"},"level":"error","message":"Signin failed!","service":"user-service","timestamp":"2025-01-14 19:30:28"}
{"error":{"code":"ERR_HTTP_HEADERS_SENT"},"level":"error","message":"Signin failed!","service":"user-service","timestamp":"2025-01-14 19:31:51"}
{"error":{"code":"ERR_HTTP_HEADERS_SENT"},"level":"error","message":"Signin failed!","service":"user-service","timestamp":"2025-01-14 19:36:06"}
{"error":{"message":"Bind parameters must not contain undefined. To pass SQL NULL specify JS null"},"level":"error","message":"Logout failed!","service":"user-service","timestamp":"2025-01-14 19:43:40"}
{"error":{"code":"ERR_HTTP_HEADERS_SENT"},"level":"error","message":"Signin failed!","service":"user-service","timestamp":"2025-01-14 19:44:06"}
{"error":{"code":"ERR_HTTP_HEADERS_SENT"},"level":"error","message":"Signin failed!","service":"user-service","timestamp":"2025-01-14 19:45:21"}
{"error":{"code":"ERR_HTTP_HEADERS_SENT"},"level":"error","message":"Signin failed!","service":"user-service","timestamp":"2025-01-14 19:51:11"}
{"error":{"code":"ERR_HTTP_HEADERS_SENT"},"level":"error","message":"Signin failed!","service":"user-service","timestamp":"2025-01-14 19:52:01"}
{"error":{"message":"Bind parameters must not contain undefined. To pass SQL NULL specify JS null"},"level":"error","message":"Logout failed!","service":"user-service","timestamp":"2025-01-14 20:52:58"}
{"error":{},"level":"error","message":"Signin failed!","service":"user-service","timestamp":"2025-01-14 20:53:21"}
{"error":{"code":"ERR_HTTP_HEADERS_SENT"},"level":"error","message":"Signin failed!","service":"user-service","timestamp":"2025-01-14 20:54:46"}
{"error":{"message":"Bind parameters must not contain undefined. To pass SQL NULL specify JS null"},"level":"error","message":"Logout failed!","service":"user-service","timestamp":"2025-01-14 22:29:08"}
{"error":{"message":"Bind parameters must not contain undefined. To pass SQL NULL specify JS null"},"level":"error","message":"Logout failed!","service":"user-service","timestamp":"2025-01-14 22:40:18"}
{"error":{"message":"Bind parameters must not contain undefined. To pass SQL NULL specify JS null"},"level":"error","message":"Logout failed!","service":"user-service","timestamp":"2025-01-14 22:46:59"}
{"error":{"message":"Bind parameters must not contain undefined. To pass SQL NULL specify JS null"},"level":"error","message":"Logout failed!","service":"user-service","timestamp":"2025-01-14 22:49:07"}
{"error":{"message":"Bind parameters must not contain undefined. To pass SQL NULL specify JS null"},"level":"error","message":"Logout failed!","service":"user-service","timestamp":"2025-01-15 00:36:08"}
{"level":"error","message":"Refresh token jwt was expired!","service":"user-service","timestamp":"2025-01-15 01:47:32"}
{"level":"error","message":"Refresh token jwt was expired!","service":"user-service","timestamp":"2025-01-15 01:47:33"}
{"level":"error","message":"Refresh token jwt was expired!","service":"user-service","timestamp":"2025-01-15 01:54:19"}
{"level":"error","message":"Refresh token jwt was expired!","service":"user-service","timestamp":"2025-01-15 01:58:06"}
